Flow report for nios
Mon Aug 22 07:20:50 2016
Quartus II 32-bit Version 13.1.0 Build 162 10/23/2013 SJ Web Edition


---------------------
; Table of Contents ;
---------------------
  1. Legal Notice
  2. Flow Summary
  3. Flow Settings
  4. Flow Non-Default Global Settings
  5. Flow Elapsed Time
  6. Flow OS Summary
  7. Flow Log
  8. Flow Messages
  9. Flow Suppressed Messages



----------------
; Legal Notice ;
----------------
Copyright (C) 1991-2013 Altera Corporation
Your use of Altera Corporation's design tools, logic functions 
and other software and tools, and its AMPP partner logic 
functions, and any output files from any of the foregoing 
(including device programming or simulation files), and any 
associated documentation or information are expressly subject 
to the terms and conditions of the Altera Program License 
Subscription Agreement, Altera MegaCore Function License 
Agreement, or other applicable license agreement, including, 
without limitation, that your use is for the sole purpose of 
programming logic devices manufactured by Altera and sold by 
Altera or its authorized distributors.  Please refer to the 
applicable agreement for further details.



+---------------------------------------------------------------------------------+
; Flow Summary                                                                    ;
+------------------------------------+--------------------------------------------+
; Flow Status                        ; Successful - Mon Aug 22 07:20:50 2016      ;
; Quartus II 32-bit Version          ; 13.1.0 Build 162 10/23/2013 SJ Web Edition ;
; Revision Name                      ; nios                                       ;
; Top-level Entity Name              ; nios                                       ;
; Family                             ; Cyclone III                                ;
; Device                             ; EP3C25F324C6                               ;
; Timing Models                      ; Final                                      ;
; Total logic elements               ; 6,505 / 24,624 ( 26 % )                    ;
;     Total combinational functions  ; 5,761 / 24,624 ( 23 % )                    ;
;     Dedicated logic registers      ; 3,483 / 24,624 ( 14 % )                    ;
; Total registers                    ; 3587                                       ;
; Total pins                         ; 46 / 216 ( 21 % )                          ;
; Total virtual pins                 ; 0                                          ;
; Total memory bits                  ; 178,016 / 608,256 ( 29 % )                 ;
; Embedded Multiplier 9-bit elements ; 0 / 132 ( 0 % )                            ;
; Total PLLs                         ; 1 / 4 ( 25 % )                             ;
+------------------------------------+--------------------------------------------+


+-----------------------------------------+
; Flow Settings                           ;
+-------------------+---------------------+
; Option            ; Setting             ;
+-------------------+---------------------+
; Start date & time ; 08/22/2016 07:18:24 ;
; Main task         ; Compilation         ;
; Revision Name     ; nios                ;
+-------------------+---------------------+


+---------------------------------------------------------------------------------------------------------------------------------------------------------------------------+
; Flow Non-Default Global Settings                                                                                                                                          ;
+-------------------------------------+--------------------------------------------------------+---------------+-------------------------------------------+----------------+
; Assignment Name                     ; Value                                                  ; Default Value ; Entity Name                               ; Section Id     ;
+-------------------------------------+--------------------------------------------------------+---------------+-------------------------------------------+----------------+
; COMPILER_SIGNATURE_ID               ; 88945707750446.147184670414272                         ; --            ; --                                        ; --             ;
; EDA_OUTPUT_DATA_FORMAT              ; Vhdl                                                   ; --            ; --                                        ; eda_simulation ;
; EDA_SIMULATION_TOOL                 ; ModelSim-Altera (VHDL)                                 ; <None>        ; --                                        ; --             ;
; IP_TOOL_ENV                         ; Qsys                                                   ; --            ; altera_avalon_sc_fifo                     ; --             ;
; IP_TOOL_ENV                         ; Qsys                                                   ; --            ; altera_merlin_master_agent                ; --             ;
; IP_TOOL_ENV                         ; Qsys                                                   ; --            ; altera_merlin_master_translator           ; --             ;
; IP_TOOL_ENV                         ; Qsys                                                   ; --            ; altera_merlin_slave_agent                 ; --             ;
; IP_TOOL_ENV                         ; Qsys                                                   ; --            ; altera_merlin_slave_translator            ; --             ;
; IP_TOOL_ENV                         ; Qsys                                                   ; --            ; altera_reset_controller                   ; --             ;
; IP_TOOL_ENV                         ; Qsys                                                   ; --            ; --                                        ; --             ;
; IP_TOOL_ENV                         ; Qsys                                                   ; --            ; nios_cpu                                  ; --             ;
; IP_TOOL_ENV                         ; Qsys                                                   ; --            ; nios_ddr_sdram                            ; --             ;
; IP_TOOL_ENV                         ; Qsys                                                   ; --            ; nios_irq_mapper                           ; --             ;
; IP_TOOL_ENV                         ; Qsys                                                   ; --            ; nios_jtag_uart                            ; --             ;
; IP_TOOL_ENV                         ; Qsys                                                   ; --            ; nios_key                                  ; --             ;
; IP_TOOL_ENV                         ; Qsys                                                   ; --            ; nios_led                                  ; --             ;
; IP_TOOL_ENV                         ; Qsys                                                   ; --            ; nios_mm_interconnect_0                    ; --             ;
; IP_TOOL_ENV                         ; Qsys                                                   ; --            ; nios_mm_interconnect_0_addr_router        ; --             ;
; IP_TOOL_ENV                         ; Qsys                                                   ; --            ; nios_mm_interconnect_0_addr_router_001    ; --             ;
; IP_TOOL_ENV                         ; Qsys                                                   ; --            ; nios_mm_interconnect_0_cmd_xbar_demux     ; --             ;
; IP_TOOL_ENV                         ; Qsys                                                   ; --            ; nios_mm_interconnect_0_cmd_xbar_demux_001 ; --             ;
; IP_TOOL_ENV                         ; Qsys                                                   ; --            ; nios_mm_interconnect_0_cmd_xbar_mux       ; --             ;
; IP_TOOL_ENV                         ; Qsys                                                   ; --            ; nios_mm_interconnect_0_cmd_xbar_mux_002   ; --             ;
; IP_TOOL_ENV                         ; Qsys                                                   ; --            ; nios_mm_interconnect_0_id_router          ; --             ;
; IP_TOOL_ENV                         ; Qsys                                                   ; --            ; nios_mm_interconnect_0_id_router_002      ; --             ;
; IP_TOOL_ENV                         ; Qsys                                                   ; --            ; nios_mm_interconnect_0_rsp_xbar_demux     ; --             ;
; IP_TOOL_ENV                         ; Qsys                                                   ; --            ; nios_mm_interconnect_0_rsp_xbar_demux_002 ; --             ;
; IP_TOOL_ENV                         ; Qsys                                                   ; --            ; nios_mm_interconnect_0_rsp_xbar_mux       ; --             ;
; IP_TOOL_ENV                         ; Qsys                                                   ; --            ; nios_mm_interconnect_0_rsp_xbar_mux_001   ; --             ;
; IP_TOOL_ENV                         ; Qsys                                                   ; --            ; nios_onchip_ram                           ; --             ;
; IP_TOOL_NAME                        ; altera_avalon_sc_fifo                                  ; --            ; altera_avalon_sc_fifo                     ; --             ;
; IP_TOOL_NAME                        ; altera_merlin_master_agent                             ; --            ; altera_merlin_master_agent                ; --             ;
; IP_TOOL_NAME                        ; altera_merlin_master_translator                        ; --            ; altera_merlin_master_translator           ; --             ;
; IP_TOOL_NAME                        ; altera_merlin_slave_agent                              ; --            ; altera_merlin_slave_agent                 ; --             ;
; IP_TOOL_NAME                        ; altera_merlin_slave_translator                         ; --            ; altera_merlin_slave_translator            ; --             ;
; IP_TOOL_NAME                        ; altera_reset_controller                                ; --            ; altera_reset_controller                   ; --             ;
; IP_TOOL_NAME                        ; Qsys                                                   ; --            ; --                                        ; --             ;
; IP_TOOL_NAME                        ; altera_nios2_qsys                                      ; --            ; nios_cpu                                  ; --             ;
; IP_TOOL_NAME                        ; altmemddr                                              ; --            ; nios_ddr_sdram                            ; --             ;
; IP_TOOL_NAME                        ; altera_irq_mapper                                      ; --            ; nios_irq_mapper                           ; --             ;
; IP_TOOL_NAME                        ; altera_avalon_jtag_uart                                ; --            ; nios_jtag_uart                            ; --             ;
; IP_TOOL_NAME                        ; altera_avalon_pio                                      ; --            ; nios_key                                  ; --             ;
; IP_TOOL_NAME                        ; altera_avalon_pio                                      ; --            ; nios_led                                  ; --             ;
; IP_TOOL_NAME                        ; altera_merlin_interconnect_wrapper                     ; --            ; nios_mm_interconnect_0                    ; --             ;
; IP_TOOL_NAME                        ; altera_merlin_router                                   ; --            ; nios_mm_interconnect_0_addr_router        ; --             ;
; IP_TOOL_NAME                        ; altera_merlin_router                                   ; --            ; nios_mm_interconnect_0_addr_router_001    ; --             ;
; IP_TOOL_NAME                        ; altera_merlin_demultiplexer                            ; --            ; nios_mm_interconnect_0_cmd_xbar_demux     ; --             ;
; IP_TOOL_NAME                        ; altera_merlin_demultiplexer                            ; --            ; nios_mm_interconnect_0_cmd_xbar_demux_001 ; --             ;
; IP_TOOL_NAME                        ; altera_merlin_multiplexer                              ; --            ; nios_mm_interconnect_0_cmd_xbar_mux       ; --             ;
; IP_TOOL_NAME                        ; altera_merlin_multiplexer                              ; --            ; nios_mm_interconnect_0_cmd_xbar_mux_002   ; --             ;
; IP_TOOL_NAME                        ; altera_merlin_router                                   ; --            ; nios_mm_interconnect_0_id_router          ; --             ;
; IP_TOOL_NAME                        ; altera_merlin_router                                   ; --            ; nios_mm_interconnect_0_id_router_002      ; --             ;
; IP_TOOL_NAME                        ; altera_merlin_demultiplexer                            ; --            ; nios_mm_interconnect_0_rsp_xbar_demux     ; --             ;
; IP_TOOL_NAME                        ; altera_merlin_demultiplexer                            ; --            ; nios_mm_interconnect_0_rsp_xbar_demux_002 ; --             ;
; IP_TOOL_NAME                        ; altera_merlin_multiplexer                              ; --            ; nios_mm_interconnect_0_rsp_xbar_mux       ; --             ;
; IP_TOOL_NAME                        ; altera_merlin_multiplexer                              ; --            ; nios_mm_interconnect_0_rsp_xbar_mux_001   ; --             ;
; IP_TOOL_NAME                        ; altera_avalon_onchip_memory2                           ; --            ; nios_onchip_ram                           ; --             ;
; IP_TOOL_VERSION                     ; 13.1                                                   ; --            ; altera_avalon_sc_fifo                     ; --             ;
; IP_TOOL_VERSION                     ; 13.1                                                   ; --            ; altera_merlin_master_agent                ; --             ;
; IP_TOOL_VERSION                     ; 13.1                                                   ; --            ; altera_merlin_master_translator           ; --             ;
; IP_TOOL_VERSION                     ; 13.1                                                   ; --            ; altera_merlin_slave_agent                 ; --             ;
; IP_TOOL_VERSION                     ; 13.1                                                   ; --            ; altera_merlin_slave_translator            ; --             ;
; IP_TOOL_VERSION                     ; 13.1                                                   ; --            ; altera_reset_controller                   ; --             ;
; IP_TOOL_VERSION                     ; 13.1                                                   ; --            ; --                                        ; --             ;
; IP_TOOL_VERSION                     ; 13.1                                                   ; --            ; nios_cpu                                  ; --             ;
; IP_TOOL_VERSION                     ; 13.1                                                   ; --            ; nios_ddr_sdram                            ; --             ;
; IP_TOOL_VERSION                     ; 13.1                                                   ; --            ; nios_irq_mapper                           ; --             ;
; IP_TOOL_VERSION                     ; 13.1                                                   ; --            ; nios_jtag_uart                            ; --             ;
; IP_TOOL_VERSION                     ; 13.1                                                   ; --            ; nios_key                                  ; --             ;
; IP_TOOL_VERSION                     ; 13.1                                                   ; --            ; nios_led                                  ; --             ;
; IP_TOOL_VERSION                     ; 13.1                                                   ; --            ; nios_mm_interconnect_0                    ; --             ;
; IP_TOOL_VERSION                     ; 13.1                                                   ; --            ; nios_mm_interconnect_0_addr_router        ; --             ;
; IP_TOOL_VERSION                     ; 13.1                                                   ; --            ; nios_mm_interconnect_0_addr_router_001    ; --             ;
; IP_TOOL_VERSION                     ; 13.1                                                   ; --            ; nios_mm_interconnect_0_cmd_xbar_demux     ; --             ;
; IP_TOOL_VERSION                     ; 13.1                                                   ; --            ; nios_mm_interconnect_0_cmd_xbar_demux_001 ; --             ;
; IP_TOOL_VERSION                     ; 13.1                                                   ; --            ; nios_mm_interconnect_0_cmd_xbar_mux       ; --             ;
; IP_TOOL_VERSION                     ; 13.1                                                   ; --            ; nios_mm_interconnect_0_cmd_xbar_mux_002   ; --             ;
; IP_TOOL_VERSION                     ; 13.1                                                   ; --            ; nios_mm_interconnect_0_id_router          ; --             ;
; IP_TOOL_VERSION                     ; 13.1                                                   ; --            ; nios_mm_interconnect_0_id_router_002      ; --             ;
; IP_TOOL_VERSION                     ; 13.1                                                   ; --            ; nios_mm_interconnect_0_rsp_xbar_demux     ; --             ;
; IP_TOOL_VERSION                     ; 13.1                                                   ; --            ; nios_mm_interconnect_0_rsp_xbar_demux_002 ; --             ;
; IP_TOOL_VERSION                     ; 13.1                                                   ; --            ; nios_mm_interconnect_0_rsp_xbar_mux       ; --             ;
; IP_TOOL_VERSION                     ; 13.1                                                   ; --            ; nios_mm_interconnect_0_rsp_xbar_mux_001   ; --             ;
; IP_TOOL_VERSION                     ; 13.1                                                   ; --            ; nios_onchip_ram                           ; --             ;
; MAX_CORE_JUNCTION_TEMP              ; 85                                                     ; --            ; --                                        ; --             ;
; MIN_CORE_JUNCTION_TEMP              ; 0                                                      ; --            ; --                                        ; --             ;
; MISC_FILE                           ; nios/synthesis/../../nios.cmp                          ; --            ; --                                        ; --             ;
; MISC_FILE                           ; nios/synthesis/../../nios.qsys                         ; --            ; --                                        ; --             ;
; MISC_FILE                           ; nios/synthesis/submodules/alt_mem_ddrx_define.iv       ; --            ; --                                        ; --             ;
; MISC_FILE                           ; nios/synthesis/submodules/alt_mem_phy_defines.v        ; --            ; --                                        ; --             ;
; NOMINAL_CORE_SUPPLY_VOLTAGE         ; 1.2V                                                   ; --            ; --                                        ; --             ;
; PARTITION_COLOR                     ; 16764057                                               ; --            ; --                                        ; Top            ;
; PARTITION_FITTER_PRESERVATION_LEVEL ; PLACEMENT_AND_ROUTING                                  ; --            ; --                                        ; Top            ;
; PARTITION_NETLIST_TYPE              ; SOURCE                                                 ; --            ; --                                        ; Top            ;
; PROJECT_OUTPUT_DIRECTORY            ; output_files                                           ; --            ; --                                        ; --             ;
; SLD_FILE                            ; nios/synthesis/nios.regmap                             ; --            ; --                                        ; --             ;
; SLD_FILE                            ; nios/synthesis/nios.debuginfo                          ; --            ; --                                        ; --             ;
; SLD_INFO                            ; QSYS_NAME nios HAS_SOPCINFO 1 GENERATION_ID 1471846543 ; --            ; --                                        ; --             ;
; SOPCINFO_FILE                       ; nios/synthesis/../../nios.sopcinfo                     ; --            ; --                                        ; --             ;
; SYNTHESIS_ONLY_QIP                  ; On                                                     ; --            ; --                                        ; --             ;
+-------------------------------------+--------------------------------------------------------+---------------+-------------------------------------------+----------------+


+-------------------------------------------------------------------------------------------------------------------------------+
; Flow Elapsed Time                                                                                                             ;
+---------------------------+--------------+-------------------------+---------------------+------------------------------------+
; Module Name               ; Elapsed Time ; Average Processors Used ; Peak Virtual Memory ; Total CPU Time (on all processors) ;
+---------------------------+--------------+-------------------------+---------------------+------------------------------------+
; Analysis & Synthesis      ; 00:00:36     ; 1.1                     ; 573 MB              ; 00:00:36                           ;
; Fitter                    ; 00:00:40     ; 1.6                     ; 824 MB              ; 00:00:53                           ;
; Assembler                 ; 00:00:02     ; 1.0                     ; 396 MB              ; 00:00:02                           ;
; TimeQuest Timing Analyzer ; 00:00:42     ; 1.0                     ; 576 MB              ; 00:00:43                           ;
; EDA Netlist Writer        ; 00:00:10     ; 1.0                     ; 425 MB              ; 00:00:10                           ;
; Total                     ; 00:02:10     ; --                      ; --                  ; 00:02:24                           ;
+---------------------------+--------------+-------------------------+---------------------+------------------------------------+


+----------------------------------------------------------------------------------------+
; Flow OS Summary                                                                        ;
+---------------------------+------------------+-----------+------------+----------------+
; Module Name               ; Machine Hostname ; OS Name   ; OS Version ; Processor type ;
+---------------------------+------------------+-----------+------------+----------------+
; Analysis & Synthesis      ; GOKU-PC          ; Windows 7 ; 6.1        ; x86_64         ;
; Fitter                    ; GOKU-PC          ; Windows 7 ; 6.1        ; x86_64         ;
; Assembler                 ; GOKU-PC          ; Windows 7 ; 6.1        ; x86_64         ;
; TimeQuest Timing Analyzer ; GOKU-PC          ; Windows 7 ; 6.1        ; x86_64         ;
; EDA Netlist Writer        ; GOKU-PC          ; Windows 7 ; 6.1        ; x86_64         ;
+---------------------------+------------------+-----------+------------+----------------+


------------
; Flow Log ;
------------
quartus_map --read_settings_files=on --write_settings_files=off nios -c nios
quartus_fit --read_settings_files=off --write_settings_files=off nios -c nios
quartus_asm --read_settings_files=off --write_settings_files=off nios -c nios
quartus_sta nios -c nios
quartus_eda --read_settings_files=off --write_settings_files=off nios -c nios



