EDA Netlist Writer report for reconfig_mif
Tue Jan 29 07:14:50 2008
Quartus II Version 8.0 Internal Build 143 01/22/2008 SJ Full Version


---------------------
; Table of Contents ;
---------------------
  1. Legal Notice
  2. EDA Netlist Writer Summary
  3. Simulation Settings
  4. Simulation Generated Files
  5. EDA Netlist Writer Messages



----------------
; Legal Notice ;
----------------
Copyright (C) 1991-2007 Altera Corporation
Your use of Altera Corporation's design tools, logic functions 
and other software and tools, and its AMPP partner logic 
functions, and any output files from any of the foregoing 
(including device programming or simulation files), and any 
associated documentation or information are expressly subject 
to the terms and conditions of the Altera Program License 
Subscription Agreement, Altera MegaCore Function License 
Agreement, or other applicable license agreement, including, 
without limitation, that your use is for the sole purpose of 
programming logic devices manufactured by Altera and sold by 
Altera or its authorized distributors.  Please refer to the 
applicable agreement for further details.



+-------------------------------------------------------------------+
; EDA Netlist Writer Summary                                        ;
+---------------------------+---------------------------------------+
; EDA Netlist Writer Status ; Successful - Tue Jan 29 07:14:50 2008 ;
; Revision Name             ; reconfig_mif                          ;
; Top-level Entity Name     ; reconfig_mif                          ;
; Family                    ; Cyclone III                           ;
; Simulation Files Creation ; Successful                            ;
+---------------------------+---------------------------------------+


+------------------------------------------------------------------------------------------------------------------------+
; Simulation Settings                                                                                                    ;
+--------------------------------------------------------------------------------------------+---------------------------+
; Option                                                                                     ; Setting                   ;
+--------------------------------------------------------------------------------------------+---------------------------+
; Tool Name                                                                                  ; ModelSim-Altera (Verilog) ;
; Generate netlist for functional simulation only                                            ; Off                       ;
; Time scale                                                                                 ; 1 ps                      ;
; Truncate long hierarchy paths                                                              ; Off                       ;
; Map illegal HDL characters                                                                 ; Off                       ;
; Flatten buses into individual nodes                                                        ; Off                       ;
; Maintain hierarchy                                                                         ; Off                       ;
; Bring out device-wide set/reset signals as ports                                           ; Off                       ;
; Enable glitch filtering                                                                    ; Off                       ;
; Do not write top level VHDL entity                                                         ; Off                       ;
; Disable setup and hold time violations detection in input registers of bi-directional pins ; Off                       ;
; Architecture name in VHDL output netlist                                                   ; structure                 ;
+--------------------------------------------------------------------------------------------+---------------------------+


+-------------------------------------------------------------------------------------------------------------------------------------------------+
; Simulation Generated Files                                                                                                                      ;
+-------------------------------------------------------------------------------------------------------------------------------------------------+
; Generated Files                                                                                                                                 ;
+-------------------------------------------------------------------------------------------------------------------------------------------------+
; D:/data/Collateral/CycloneIII/CIII_PLL_Reconfig_AN/Design/cycloneiii_pll_reconfig_mif/simulation/modelsim/reconfig_mif_7_1200mv_85c_slow.vo     ;
; D:/data/Collateral/CycloneIII/CIII_PLL_Reconfig_AN/Design/cycloneiii_pll_reconfig_mif/simulation/modelsim/reconfig_mif_7_1200mv_0c_slow.vo      ;
; D:/data/Collateral/CycloneIII/CIII_PLL_Reconfig_AN/Design/cycloneiii_pll_reconfig_mif/simulation/modelsim/reconfig_mif_min_1200mv_0c_fast.vo    ;
; D:/data/Collateral/CycloneIII/CIII_PLL_Reconfig_AN/Design/cycloneiii_pll_reconfig_mif/simulation/modelsim/reconfig_mif.vo                       ;
; D:/data/Collateral/CycloneIII/CIII_PLL_Reconfig_AN/Design/cycloneiii_pll_reconfig_mif/simulation/modelsim/reconfig_mif_7_1200mv_85c_v_slow.sdo  ;
; D:/data/Collateral/CycloneIII/CIII_PLL_Reconfig_AN/Design/cycloneiii_pll_reconfig_mif/simulation/modelsim/reconfig_mif_7_1200mv_0c_v_slow.sdo   ;
; D:/data/Collateral/CycloneIII/CIII_PLL_Reconfig_AN/Design/cycloneiii_pll_reconfig_mif/simulation/modelsim/reconfig_mif_min_1200mv_0c_v_fast.sdo ;
; D:/data/Collateral/CycloneIII/CIII_PLL_Reconfig_AN/Design/cycloneiii_pll_reconfig_mif/simulation/modelsim/reconfig_mif_v.sdo                    ;
+-------------------------------------------------------------------------------------------------------------------------------------------------+


+-----------------------------+
; EDA Netlist Writer Messages ;
+-----------------------------+
Info: *******************************************************************
Info: Running Quartus II EDA Netlist Writer
    Info: Version 8.0 Internal Build 143 01/22/2008 SJ Full Version
    Info: Processing started: Tue Jan 29 07:14:41 2008
Info: Command: quartus_eda --read_settings_files=off --write_settings_files=off reconfig_mif -c reconfig_mif
Info: Generated file reconfig_mif_7_1200mv_85c_slow.vo in folder "D:/data/Collateral/CycloneIII/CIII_PLL_Reconfig_AN/Design/cycloneiii_pll_reconfig_mif/simulation/modelsim/" for EDA simulation tool
Info: Generated file reconfig_mif_7_1200mv_0c_slow.vo in folder "D:/data/Collateral/CycloneIII/CIII_PLL_Reconfig_AN/Design/cycloneiii_pll_reconfig_mif/simulation/modelsim/" for EDA simulation tool
Info: Generated file reconfig_mif_min_1200mv_0c_fast.vo in folder "D:/data/Collateral/CycloneIII/CIII_PLL_Reconfig_AN/Design/cycloneiii_pll_reconfig_mif/simulation/modelsim/" for EDA simulation tool
Info: Generated file reconfig_mif.vo in folder "D:/data/Collateral/CycloneIII/CIII_PLL_Reconfig_AN/Design/cycloneiii_pll_reconfig_mif/simulation/modelsim/" for EDA simulation tool
Info: Generated file reconfig_mif_7_1200mv_85c_v_slow.sdo in folder "D:/data/Collateral/CycloneIII/CIII_PLL_Reconfig_AN/Design/cycloneiii_pll_reconfig_mif/simulation/modelsim/" for EDA simulation tool
Info: Generated file reconfig_mif_7_1200mv_0c_v_slow.sdo in folder "D:/data/Collateral/CycloneIII/CIII_PLL_Reconfig_AN/Design/cycloneiii_pll_reconfig_mif/simulation/modelsim/" for EDA simulation tool
Info: Generated file reconfig_mif_min_1200mv_0c_v_fast.sdo in folder "D:/data/Collateral/CycloneIII/CIII_PLL_Reconfig_AN/Design/cycloneiii_pll_reconfig_mif/simulation/modelsim/" for EDA simulation tool
Info: Generated file reconfig_mif_v.sdo in folder "D:/data/Collateral/CycloneIII/CIII_PLL_Reconfig_AN/Design/cycloneiii_pll_reconfig_mif/simulation/modelsim/" for EDA simulation tool
Info: Quartus II EDA Netlist Writer was successful. 0 errors, 0 warnings
    Info: Allocated 126 megabytes of memory during processing
    Info: Processing ended: Tue Jan 29 07:14:51 2008
    Info: Elapsed time: 00:00:10


