Analysis & Synthesis report for multi
Mon May 29 19:22:57 2017
Quartus II 32-bit Version 13.1.0 Build 162 10/23/2013 SJ Web Edition


---------------------
; Table of Contents ;
---------------------
  1. Legal Notice
  2. Analysis & Synthesis Summary
  3. Analysis & Synthesis Settings
  4. Parallel Compilation
  5. Analysis & Synthesis Source Files Read
  6. Analysis & Synthesis Resource Usage Summary
  7. Analysis & Synthesis Resource Utilization by Entity
  8. General Register Statistics
  9. Multiplexer Restructuring Statistics (Restructuring Performed)
 10. Parameter Settings for User Entity Instance: Top-level Entity: |alu
 11. Parameter Settings for User Entity Instance: lpm_clshift:arith_shift
 12. Parameter Settings for User Entity Instance: lpm_clshift:logical_shift
 13. Elapsed Time Per Partition
 14. Analysis & Synthesis Messages



----------------
; Legal Notice ;
----------------
Copyright (C) 1991-2013 Altera Corporation
Your use of Altera Corporation's design tools, logic functions 
and other software and tools, and its AMPP partner logic 
functions, and any output files from any of the foregoing 
(including device programming or simulation files), and any 
associated documentation or information are expressly subject 
to the terms and conditions of the Altera Program License 
Subscription Agreement, Altera MegaCore Function License 
Agreement, or other applicable license agreement, including, 
without limitation, that your use is for the sole purpose of 
programming logic devices manufactured by Altera and sold by 
Altera or its authorized distributors.  Please refer to the 
applicable agreement for further details.



+---------------------------------------------------------------------------------+
; Analysis & Synthesis Summary                                                    ;
+------------------------------------+--------------------------------------------+
; Analysis & Synthesis Status        ; Successful - Mon May 29 19:22:57 2017      ;
; Quartus II 32-bit Version          ; 13.1.0 Build 162 10/23/2013 SJ Web Edition ;
; Revision Name                      ; multi                                      ;
; Top-level Entity Name              ; alu                                        ;
; Family                             ; Cyclone III                                ;
; Total logic elements               ; 357                                        ;
;     Total combinational functions  ; 357                                        ;
;     Dedicated logic registers      ; 0                                          ;
; Total registers                    ; 0                                          ;
; Total pins                         ; 71                                         ;
; Total virtual pins                 ; 0                                          ;
; Total memory bits                  ; 0                                          ;
; Embedded Multiplier 9-bit elements ; 0                                          ;
; Total PLLs                         ; 0                                          ;
+------------------------------------+--------------------------------------------+


+----------------------------------------------------------------------------------------------------------------------+
; Analysis & Synthesis Settings                                                                                        ;
+----------------------------------------------------------------------------+--------------------+--------------------+
; Option                                                                     ; Setting            ; Default Value      ;
+----------------------------------------------------------------------------+--------------------+--------------------+
; Device                                                                     ; EP3C25F324C6       ;                    ;
; Top-level entity name                                                      ; alu                ; multi              ;
; Family name                                                                ; Cyclone III        ; Cyclone IV GX      ;
; VHDL Show LMF Mapping Messages                                             ; Off                ;                    ;
; VHDL Version                                                               ; VHDL_2008          ; VHDL_1993          ;
; Use smart compilation                                                      ; Off                ; Off                ;
; Enable parallel Assembler and TimeQuest Timing Analyzer during compilation ; On                 ; On                 ;
; Enable compact report table                                                ; Off                ; Off                ;
; Restructure Multiplexers                                                   ; Auto               ; Auto               ;
; Create Debugging Nodes for IP Cores                                        ; Off                ; Off                ;
; Preserve fewer node names                                                  ; On                 ; On                 ;
; Disable OpenCore Plus hardware evaluation                                  ; Off                ; Off                ;
; Verilog Version                                                            ; Verilog_2001       ; Verilog_2001       ;
; State Machine Processing                                                   ; Auto               ; Auto               ;
; Safe State Machine                                                         ; Off                ; Off                ;
; Extract Verilog State Machines                                             ; On                 ; On                 ;
; Extract VHDL State Machines                                                ; On                 ; On                 ;
; Ignore Verilog initial constructs                                          ; Off                ; Off                ;
; Iteration limit for constant Verilog loops                                 ; 5000               ; 5000               ;
; Iteration limit for non-constant Verilog loops                             ; 250                ; 250                ;
; Add Pass-Through Logic to Inferred RAMs                                    ; On                 ; On                 ;
; Infer RAMs from Raw Logic                                                  ; On                 ; On                 ;
; Parallel Synthesis                                                         ; On                 ; On                 ;
; DSP Block Balancing                                                        ; Auto               ; Auto               ;
; NOT Gate Push-Back                                                         ; On                 ; On                 ;
; Power-Up Don't Care                                                        ; On                 ; On                 ;
; Remove Redundant Logic Cells                                               ; Off                ; Off                ;
; Remove Duplicate Registers                                                 ; On                 ; On                 ;
; Ignore CARRY Buffers                                                       ; Off                ; Off                ;
; Ignore CASCADE Buffers                                                     ; Off                ; Off                ;
; Ignore GLOBAL Buffers                                                      ; Off                ; Off                ;
; Ignore ROW GLOBAL Buffers                                                  ; Off                ; Off                ;
; Ignore LCELL Buffers                                                       ; Off                ; Off                ;
; Ignore SOFT Buffers                                                        ; On                 ; On                 ;
; Limit AHDL Integers to 32 Bits                                             ; Off                ; Off                ;
; Optimization Technique                                                     ; Balanced           ; Balanced           ;
; Carry Chain Length                                                         ; 70                 ; 70                 ;
; Auto Carry Chains                                                          ; On                 ; On                 ;
; Auto Open-Drain Pins                                                       ; On                 ; On                 ;
; Perform WYSIWYG Primitive Resynthesis                                      ; Off                ; Off                ;
; Auto ROM Replacement                                                       ; On                 ; On                 ;
; Auto RAM Replacement                                                       ; On                 ; On                 ;
; Auto DSP Block Replacement                                                 ; On                 ; On                 ;
; Auto Shift Register Replacement                                            ; Auto               ; Auto               ;
; Allow Shift Register Merging across Hierarchies                            ; Auto               ; Auto               ;
; Auto Clock Enable Replacement                                              ; On                 ; On                 ;
; Strict RAM Replacement                                                     ; Off                ; Off                ;
; Allow Synchronous Control Signals                                          ; On                 ; On                 ;
; Force Use of Synchronous Clear Signals                                     ; Off                ; Off                ;
; Auto RAM Block Balancing                                                   ; On                 ; On                 ;
; Auto RAM to Logic Cell Conversion                                          ; Off                ; Off                ;
; Auto Resource Sharing                                                      ; Off                ; Off                ;
; Allow Any RAM Size For Recognition                                         ; Off                ; Off                ;
; Allow Any ROM Size For Recognition                                         ; Off                ; Off                ;
; Allow Any Shift Register Size For Recognition                              ; Off                ; Off                ;
; Use LogicLock Constraints during Resource Balancing                        ; On                 ; On                 ;
; Ignore translate_off and synthesis_off directives                          ; Off                ; Off                ;
; Timing-Driven Synthesis                                                    ; On                 ; On                 ;
; Report Parameter Settings                                                  ; On                 ; On                 ;
; Report Source Assignments                                                  ; On                 ; On                 ;
; Report Connectivity Checks                                                 ; On                 ; On                 ;
; Ignore Maximum Fan-Out Assignments                                         ; Off                ; Off                ;
; Synchronization Register Chain Length                                      ; 2                  ; 2                  ;
; PowerPlay Power Optimization                                               ; Normal compilation ; Normal compilation ;
; HDL message level                                                          ; Level2             ; Level2             ;
; Suppress Register Optimization Related Messages                            ; Off                ; Off                ;
; Number of Removed Registers Reported in Synthesis Report                   ; 5000               ; 5000               ;
; Number of Swept Nodes Reported in Synthesis Report                         ; 5000               ; 5000               ;
; Number of Inverted Registers Reported in Synthesis Report                  ; 100                ; 100                ;
; Clock MUX Protection                                                       ; On                 ; On                 ;
; Auto Gated Clock Conversion                                                ; Off                ; Off                ;
; Block Design Naming                                                        ; Auto               ; Auto               ;
; SDC constraint protection                                                  ; Off                ; Off                ;
; Synthesis Effort                                                           ; Auto               ; Auto               ;
; Shift Register Replacement - Allow Asynchronous Clear Signal               ; On                 ; On                 ;
; Pre-Mapping Resynthesis Optimization                                       ; Off                ; Off                ;
; Analysis & Synthesis Message Level                                         ; Medium             ; Medium             ;
; Disable Register Merging Across Hierarchies                                ; Auto               ; Auto               ;
; Resource Aware Inference For Block RAM                                     ; On                 ; On                 ;
; Synthesis Seed                                                             ; 1                  ; 1                  ;
+----------------------------------------------------------------------------+--------------------+--------------------+


+------------------------------------------+
; Parallel Compilation                     ;
+----------------------------+-------------+
; Processors                 ; Number      ;
+----------------------------+-------------+
; Number detected on machine ; 8           ;
; Maximum allowed            ; 4           ;
;                            ;             ;
; Average used               ; 1.00        ;
; Maximum used               ; 1           ;
;                            ;             ;
; Usage by Processor         ; % Time Used ;
;     Processor 1            ; 100.0%      ;
;     Processors 2-8         ;   0.0%      ;
+----------------------------+-------------+


+--------------------------------------------------------------------------------------------------------------------------------------------------------------+
; Analysis & Synthesis Source Files Read                                                                                                                       ;
+----------------------------------+-----------------+------------------------------+----------------------------------------------------------------+---------+
; File Name with User-Entered Path ; Used in Netlist ; File Type                    ; File Name with Absolute Path                                   ; Library ;
+----------------------------------+-----------------+------------------------------+----------------------------------------------------------------+---------+
; alu.vhd                          ; yes             ; User VHDL File               ; C:/altera/13.1/NEW/alu.vhd                                     ;         ;
; lpm_clshift.tdf                  ; yes             ; Megafunction                 ; c:/altera/13.1/quartus/libraries/megafunctions/lpm_clshift.tdf ;         ;
; db/lpm_clshift_duc.tdf           ; yes             ; Auto-Generated Megafunction  ; C:/altera/13.1/NEW/db/lpm_clshift_duc.tdf                      ;         ;
; db/lpm_clshift_ujc.tdf           ; yes             ; Auto-Generated Megafunction  ; C:/altera/13.1/NEW/db/lpm_clshift_ujc.tdf                      ;         ;
+----------------------------------+-----------------+------------------------------+----------------------------------------------------------------+---------+


+---------------------------------------------------------------+
; Analysis & Synthesis Resource Usage Summary                   ;
+---------------------------------------------+-----------------+
; Resource                                    ; Usage           ;
+---------------------------------------------+-----------------+
; Estimated Total logic elements              ; 357             ;
;                                             ;                 ;
; Total combinational functions               ; 357             ;
; Logic element usage by number of LUT inputs ;                 ;
;     -- 4 input functions                    ; 209             ;
;     -- 3 input functions                    ; 92              ;
;     -- <=2 input functions                  ; 56              ;
;                                             ;                 ;
; Logic elements by mode                      ;                 ;
;     -- normal mode                          ; 263             ;
;     -- arithmetic mode                      ; 94              ;
;                                             ;                 ;
; Total registers                             ; 0               ;
;     -- Dedicated logic registers            ; 0               ;
;     -- I/O registers                        ; 0               ;
;                                             ;                 ;
; I/O pins                                    ; 71              ;
; Embedded Multiplier 9-bit elements          ; 0               ;
; Maximum fan-out node                        ; opcode[5]~input ;
; Maximum fan-out                             ; 68              ;
; Total fan-out                               ; 1313            ;
; Average fan-out                             ; 2.63            ;
+---------------------------------------------+-----------------+


+-----------------------------------------------------------------------------------------------------------------------------------------------------------------------------------------------------------------------------------+
; Analysis & Synthesis Resource Utilization by Entity                                                                                                                                                                               ;
+----------------------------------------+-------------------+--------------+-------------+--------------+---------+-----------+------+--------------+---------------------------------------------------------------+--------------+
; Compilation Hierarchy Node             ; LC Combinationals ; LC Registers ; Memory Bits ; DSP Elements ; DSP 9x9 ; DSP 18x18 ; Pins ; Virtual Pins ; Full Hierarchy Name                                           ; Library Name ;
+----------------------------------------+-------------------+--------------+-------------+--------------+---------+-----------+------+--------------+---------------------------------------------------------------+--------------+
; |alu                                   ; 357 (274)         ; 0 (0)        ; 0           ; 0            ; 0       ; 0         ; 71   ; 0            ; |alu                                                          ; work         ;
;    |lpm_clshift:arith_shift|           ; 73 (0)            ; 0 (0)        ; 0           ; 0            ; 0       ; 0         ; 0    ; 0            ; |alu|lpm_clshift:arith_shift                                  ; work         ;
;       |lpm_clshift_duc:auto_generated| ; 73 (73)           ; 0 (0)        ; 0           ; 0            ; 0       ; 0         ; 0    ; 0            ; |alu|lpm_clshift:arith_shift|lpm_clshift_duc:auto_generated   ; work         ;
;    |lpm_clshift:logical_shift|         ; 10 (0)            ; 0 (0)        ; 0           ; 0            ; 0       ; 0         ; 0    ; 0            ; |alu|lpm_clshift:logical_shift                                ; work         ;
;       |lpm_clshift_ujc:auto_generated| ; 10 (10)           ; 0 (0)        ; 0           ; 0            ; 0       ; 0         ; 0    ; 0            ; |alu|lpm_clshift:logical_shift|lpm_clshift_ujc:auto_generated ; work         ;
+----------------------------------------+-------------------+--------------+-------------+--------------+---------+-----------+------+--------------+---------------------------------------------------------------+--------------+
Note: For table entries with two numbers listed, the numbers in parentheses indicate the number of resources of the given type used by the specific entity alone. The numbers listed outside of parentheses indicate the total resources of the given type used by the specific entity and all of its sub-entities in the hierarchy.


+------------------------------------------------------+
; General Register Statistics                          ;
+----------------------------------------------+-------+
; Statistic                                    ; Value ;
+----------------------------------------------+-------+
; Total registers                              ; 0     ;
; Number of registers using Synchronous Clear  ; 0     ;
; Number of registers using Synchronous Load   ; 0     ;
; Number of registers using Asynchronous Clear ; 0     ;
; Number of registers using Asynchronous Load  ; 0     ;
; Number of registers using Clock Enable       ; 0     ;
; Number of registers using Preset             ; 0     ;
+----------------------------------------------+-------+


+------------------------------------------------------------------------------------------------------------------------------------------+
; Multiplexer Restructuring Statistics (Restructuring Performed)                                                                           ;
+--------------------+-----------+---------------+----------------------+------------------------+------------+----------------------------+
; Multiplexer Inputs ; Bus Width ; Baseline Area ; Area if Restructured ; Saving if Restructured ; Registered ; Example Multiplexer Output ;
+--------------------+-----------+---------------+----------------------+------------------------+------------+----------------------------+
; 16:1               ; 2 bits    ; 20 LEs        ; 6 LEs                ; 14 LEs                 ; No         ; |alu|Mux2                  ;
; 16:1               ; 7 bits    ; 70 LEs        ; 42 LEs               ; 28 LEs                 ; No         ; |alu|Mux17                 ;
; 16:1               ; 7 bits    ; 70 LEs        ; 49 LEs               ; 21 LEs                 ; No         ; |alu|Mux10                 ;
+--------------------+-----------+---------------+----------------------+------------------------+------------+----------------------------+


+---------------------------------------------------------------------+
; Parameter Settings for User Entity Instance: Top-level Entity: |alu ;
+----------------+-------+--------------------------------------------+
; Parameter Name ; Value ; Type                                       ;
+----------------+-------+--------------------------------------------+
; IWIDTH         ; 16    ; Signed Integer                             ;
; OWIDTH         ; 16    ; Signed Integer                             ;
+----------------+-------+--------------------------------------------+
Note: In order to hide this table in the UI and the text report file, please set the "Show Parameter Settings in Synthesis Report" option in "Analysis and Synthesis Settings -> More Settings" to "Off".


+----------------------------------------------------------------------+
; Parameter Settings for User Entity Instance: lpm_clshift:arith_shift ;
+----------------+-----------------+-----------------------------------+
; Parameter Name ; Value           ; Type                              ;
+----------------+-----------------+-----------------------------------+
; LPM_PIPELINE   ; 0               ; Untyped                           ;
; LPM_SHIFTTYPE  ; arithmetic      ; Untyped                           ;
; LPM_WIDTH      ; 15              ; Signed Integer                    ;
; LPM_WIDTHDIST  ; 3               ; Signed Integer                    ;
; CBXI_PARAMETER ; lpm_clshift_duc ; Untyped                           ;
+----------------+-----------------+-----------------------------------+
Note: In order to hide this table in the UI and the text report file, please set the "Show Parameter Settings in Synthesis Report" option in "Analysis and Synthesis Settings -> More Settings" to "Off".


+------------------------------------------------------------------------+
; Parameter Settings for User Entity Instance: lpm_clshift:logical_shift ;
+----------------+-----------------+-------------------------------------+
; Parameter Name ; Value           ; Type                                ;
+----------------+-----------------+-------------------------------------+
; LPM_PIPELINE   ; 0               ; Untyped                             ;
; LPM_SHIFTTYPE  ; logical         ; Untyped                             ;
; LPM_WIDTH      ; 15              ; Signed Integer                      ;
; LPM_WIDTHDIST  ; 3               ; Signed Integer                      ;
; CBXI_PARAMETER ; lpm_clshift_ujc ; Untyped                             ;
+----------------+-----------------+-------------------------------------+
Note: In order to hide this table in the UI and the text report file, please set the "Show Parameter Settings in Synthesis Report" option in "Analysis and Synthesis Settings -> More Settings" to "Off".


+-------------------------------+
; Elapsed Time Per Partition    ;
+----------------+--------------+
; Partition Name ; Elapsed Time ;
+----------------+--------------+
; Top            ; 00:00:01     ;
+----------------+--------------+


+-------------------------------+
; Analysis & Synthesis Messages ;
+-------------------------------+
Info: *******************************************************************
Info: Running Quartus II 32-bit Analysis & Synthesis
    Info: Version 13.1.0 Build 162 10/23/2013 SJ Web Edition
    Info: Processing started: Mon May 29 19:22:52 2017
Info: Command: quartus_map --read_settings_files=on --write_settings_files=off multi -c multi
Info (11104): Parallel Compilation has detected 8 hyper-threaded processors. However, the extra hyper-threaded processors will not be used by default. Parallel Compilation will use 4 of the 4 physical processors detected instead.
Info (12021): Found 2 design units, including 1 entities, in source file bus_mux_2.vhd
    Info (12022): Found design unit 1: bus_mux_2-SYN
    Info (12023): Found entity 1: BUS_MUX_2
Info (12021): Found 1 design units, including 1 entities, in source file cpu.bdf
    Info (12023): Found entity 1: cpu
Warning (12019): Can't analyze file -- file memtest.vhd is missing
Info (12021): Found 4 design units, including 1 entities, in source file decoder.vhd
    Info (12022): Found design unit 1: conversion
    Info (12022): Found design unit 2: conversion-body
    Info (12022): Found design unit 3: decoder-mp
    Info (12023): Found entity 1: decoder
Info (12021): Found 2 design units, including 1 entities, in source file sign_add_sub.vhd
    Info (12022): Found design unit 1: sign_add_sub-add_sub
    Info (12023): Found entity 1: sign_add_sub
Info (12021): Found 2 design units, including 1 entities, in source file tbsign_add_sub.vhd
    Info (12022): Found design unit 1: tbsign_add_sub-beh
    Info (12023): Found entity 1: tbsign_add_sub
Info (12021): Found 2 design units, including 1 entities, in source file alu.vhd
    Info (12022): Found design unit 1: alu-beh
    Info (12023): Found entity 1: alu
Info (12021): Found 2 design units, including 1 entities, in source file tbalu.vhd
    Info (12022): Found design unit 1: tbalu-tbalu_arch
    Info (12023): Found entity 1: tbalu
Info (12021): Found 2 design units, including 1 entities, in source file tbtrial.vhd
    Info (12022): Found design unit 1: tbtrial-beh
    Info (12023): Found entity 1: tbtrial
Info (12021): Found 2 design units, including 1 entities, in source file pc.vhd
    Info (12022): Found design unit 1: pc-arch
    Info (12023): Found entity 1: pc
Info (12021): Found 2 design units, including 1 entities, in source file pll.vhd
    Info (12022): Found design unit 1: pll-SYN
    Info (12023): Found entity 1: PLL
Info (12021): Found 2 design units, including 1 entities, in source file ram.vhd
    Info (12022): Found design unit 1: ram-SYN
    Info (12023): Found entity 1: RAM
Info (12021): Found 2 design units, including 1 entities, in source file regs.vhd
    Info (12022): Found design unit 1: regs-arch
    Info (12023): Found entity 1: regs
Info (12021): Found 2 design units, including 1 entities, in source file bus_mux.vhd
    Info (12022): Found design unit 1: bus_mux-SYN
    Info (12023): Found entity 1: BUS_MUX
Info (12021): Found 1 design units, including 1 entities, in source file memtest.bdf
    Info (12023): Found entity 1: memtest
Info (12021): Found 2 design units, including 1 entities, in source file ramdual.vhd
    Info (12022): Found design unit 1: ramdual-SYN
    Info (12023): Found entity 1: RAMDUAL
Info (12021): Found 2 design units, including 1 entities, in source file fanout.vhd
    Info (12022): Found design unit 1: fanout-arch
    Info (12023): Found entity 1: fanout
Info (12021): Found 2 design units, including 1 entities, in source file interrupts.vhd
    Info (12022): Found design unit 1: interrupts-rtl
    Info (12023): Found entity 1: interrupts
Info (12021): Found 2 design units, including 0 entities, in source file /altera/13.1/alu/simulation/modelsim/log_pkg.vhd
    Info (12022): Found design unit 1: log_pkg
    Info (12022): Found design unit 2: log_pkg-body
Info (12127): Elaborating entity "alu" for the top level hierarchy
Info (12128): Elaborating entity "lpm_clshift" for hierarchy "lpm_clshift:arith_shift"
Info (12130): Elaborated megafunction instantiation "lpm_clshift:arith_shift"
Info (12133): Instantiated megafunction "lpm_clshift:arith_shift" with the following parameter:
    Info (12134): Parameter "lpm_width" = "15"
    Info (12134): Parameter "lpm_widthdist" = "3"
    Info (12134): Parameter "lpm_shifttype" = "ARITHMETIC"
Info (12021): Found 1 design units, including 1 entities, in source file db/lpm_clshift_duc.tdf
    Info (12023): Found entity 1: lpm_clshift_duc
Info (12128): Elaborating entity "lpm_clshift_duc" for hierarchy "lpm_clshift:arith_shift|lpm_clshift_duc:auto_generated"
Info (12128): Elaborating entity "lpm_clshift" for hierarchy "lpm_clshift:logical_shift"
Info (12130): Elaborated megafunction instantiation "lpm_clshift:logical_shift"
Info (12133): Instantiated megafunction "lpm_clshift:logical_shift" with the following parameter:
    Info (12134): Parameter "lpm_width" = "15"
    Info (12134): Parameter "lpm_widthdist" = "3"
    Info (12134): Parameter "lpm_shifttype" = "LOGICAL"
Info (12021): Found 1 design units, including 1 entities, in source file db/lpm_clshift_ujc.tdf
    Info (12023): Found entity 1: lpm_clshift_ujc
Info (12128): Elaborating entity "lpm_clshift_ujc" for hierarchy "lpm_clshift:logical_shift|lpm_clshift_ujc:auto_generated"
Warning (12001): Port "data[15]" does not exist in entity definition of "lpm_clshift".  The port's range differs between the entity definition and its actual instantiation, "lpm_clshift:logical_shift".
Warning (12001): Port "distance[3]" does not exist in entity definition of "lpm_clshift".  The port's range differs between the entity definition and its actual instantiation, "lpm_clshift:logical_shift".
Warning (12001): Port "result[15]" does not exist in entity definition of "lpm_clshift".  The port's range differs between the entity definition and its actual instantiation, "lpm_clshift:logical_shift".
Warning (12001): Port "data[15]" does not exist in entity definition of "lpm_clshift".  The port's range differs between the entity definition and its actual instantiation, "lpm_clshift:arith_shift".
Warning (12001): Port "distance[3]" does not exist in entity definition of "lpm_clshift".  The port's range differs between the entity definition and its actual instantiation, "lpm_clshift:arith_shift".
Warning (12001): Port "result[15]" does not exist in entity definition of "lpm_clshift".  The port's range differs between the entity definition and its actual instantiation, "lpm_clshift:arith_shift".
Warning (13024): Output pins are stuck at VCC or GND
    Warning (13410): Pin "flags[1]" is stuck at GND
Info (286030): Timing-Driven Synthesis is running
Info (16010): Generating hard_block partition "hard_block:auto_generated_inst"
    Info (16011): Adding 0 node(s), including 0 DDIO, 0 PLL, 0 transceiver and 0 LCELL
Warning (21074): Design contains 4 input pin(s) that do not drive logic
    Warning (15610): No output dependent on input pin "opcode[3]"
    Warning (15610): No output dependent on input pin "opcode[9]"
    Warning (15610): No output dependent on input pin "opcode[10]"
    Warning (15610): No output dependent on input pin "opcode[11]"
Info (21057): Implemented 428 device resources after synthesis - the final resource count might be different
    Info (21058): Implemented 44 input pins
    Info (21059): Implemented 27 output pins
    Info (21061): Implemented 357 logic cells
Info: Quartus II 32-bit Analysis & Synthesis was successful. 0 errors, 14 warnings
    Info: Peak virtual memory: 426 megabytes
    Info: Processing ended: Mon May 29 19:22:57 2017
    Info: Elapsed time: 00:00:05
    Info: Total CPU time (on all processors): 00:00:05


