Analysis & Synthesis report for lpm_ex
Sun May 06 23:43:37 2018
Quartus II 64-Bit Version 13.1.4 Build 182 03/12/2014 SJ Web Edition


---------------------
; Table of Contents ;
---------------------
  1. Legal Notice
  2. Analysis & Synthesis Summary
  3. Analysis & Synthesis Settings
  4. Parallel Compilation
  5. Analysis & Synthesis Source Files Read
  6. Analysis & Synthesis Resource Usage Summary
  7. Analysis & Synthesis Resource Utilization by Entity
  8. Analysis & Synthesis RAM Summary
  9. General Register Statistics
 10. Source assignments for LPM_ROM:rom1|altrom:srom|altsyncram:rom_block|altsyncram_2201:auto_generated
 11. Parameter Settings for User Entity Instance: Top-level Entity: |lpm_ex
 12. Parameter Settings for User Entity Instance: LPM_ADD_SUB:add1
 13. Parameter Settings for User Entity Instance: LPM_FF:reg1
 14. Parameter Settings for User Entity Instance: LPM_ROM:rom1
 15. Elapsed Time Per Partition
 16. Analysis & Synthesis Messages



----------------
; Legal Notice ;
----------------
Copyright (C) 1991-2014 Altera Corporation
Your use of Altera Corporation's design tools, logic functions 
and other software and tools, and its AMPP partner logic 
functions, and any output files from any of the foregoing 
(including device programming or simulation files), and any 
associated documentation or information are expressly subject 
to the terms and conditions of the Altera Program License 
Subscription Agreement, Altera MegaCore Function License 
Agreement, or other applicable license agreement, including, 
without limitation, that your use is for the sole purpose of 
programming logic devices manufactured by Altera and sold by 
Altera or its authorized distributors.  Please refer to the 
applicable agreement for further details.



+---------------------------------------------------------------------------------+
; Analysis & Synthesis Summary                                                    ;
+------------------------------------+--------------------------------------------+
; Analysis & Synthesis Status        ; Successful - Sun May 06 23:43:37 2018      ;
; Quartus II 64-Bit Version          ; 13.1.4 Build 182 03/12/2014 SJ Web Edition ;
; Revision Name                      ; lpm_ex                                     ;
; Top-level Entity Name              ; lpm_ex                                     ;
; Family                             ; Cyclone IV GX                              ;
; Total logic elements               ; 32                                         ;
;     Total combinational functions  ; 32                                         ;
;     Dedicated logic registers      ; 32                                         ;
; Total registers                    ; 32                                         ;
; Total pins                         ; 49                                         ;
; Total virtual pins                 ; 0                                          ;
; Total memory bits                  ; 2,048                                      ;
; Embedded Multiplier 9-bit elements ; 0                                          ;
; Total GXB Receiver Channel PCS     ; 0                                          ;
; Total GXB Receiver Channel PMA     ; 0                                          ;
; Total GXB Transmitter Channel PCS  ; 0                                          ;
; Total GXB Transmitter Channel PMA  ; 0                                          ;
; Total PLLs                         ; 0                                          ;
+------------------------------------+--------------------------------------------+


+----------------------------------------------------------------------------------------------------------------------+
; Analysis & Synthesis Settings                                                                                        ;
+----------------------------------------------------------------------------+--------------------+--------------------+
; Option                                                                     ; Setting            ; Default Value      ;
+----------------------------------------------------------------------------+--------------------+--------------------+
; Top-level entity name                                                      ; lpm_ex             ; lpm_ex             ;
; Family name                                                                ; Cyclone IV GX      ; Cyclone IV GX      ;
; Use smart compilation                                                      ; Off                ; Off                ;
; Enable parallel Assembler and TimeQuest Timing Analyzer during compilation ; On                 ; On                 ;
; Enable compact report table                                                ; Off                ; Off                ;
; Restructure Multiplexers                                                   ; Auto               ; Auto               ;
; Create Debugging Nodes for IP Cores                                        ; Off                ; Off                ;
; Preserve fewer node names                                                  ; On                 ; On                 ;
; Disable OpenCore Plus hardware evaluation                                  ; Off                ; Off                ;
; Verilog Version                                                            ; Verilog_2001       ; Verilog_2001       ;
; VHDL Version                                                               ; VHDL_1993          ; VHDL_1993          ;
; State Machine Processing                                                   ; Auto               ; Auto               ;
; Safe State Machine                                                         ; Off                ; Off                ;
; Extract Verilog State Machines                                             ; On                 ; On                 ;
; Extract VHDL State Machines                                                ; On                 ; On                 ;
; Ignore Verilog initial constructs                                          ; Off                ; Off                ;
; Iteration limit for constant Verilog loops                                 ; 5000               ; 5000               ;
; Iteration limit for non-constant Verilog loops                             ; 250                ; 250                ;
; Add Pass-Through Logic to Inferred RAMs                                    ; On                 ; On                 ;
; Infer RAMs from Raw Logic                                                  ; On                 ; On                 ;
; Parallel Synthesis                                                         ; On                 ; On                 ;
; DSP Block Balancing                                                        ; Auto               ; Auto               ;
; NOT Gate Push-Back                                                         ; On                 ; On                 ;
; Power-Up Don't Care                                                        ; On                 ; On                 ;
; Remove Redundant Logic Cells                                               ; Off                ; Off                ;
; Remove Duplicate Registers                                                 ; On                 ; On                 ;
; Ignore CARRY Buffers                                                       ; Off                ; Off                ;
; Ignore CASCADE Buffers                                                     ; Off                ; Off                ;
; Ignore GLOBAL Buffers                                                      ; Off                ; Off                ;
; Ignore ROW GLOBAL Buffers                                                  ; Off                ; Off                ;
; Ignore LCELL Buffers                                                       ; Off                ; Off                ;
; Ignore SOFT Buffers                                                        ; On                 ; On                 ;
; Limit AHDL Integers to 32 Bits                                             ; Off                ; Off                ;
; Optimization Technique                                                     ; Balanced           ; Balanced           ;
; Carry Chain Length                                                         ; 70                 ; 70                 ;
; Auto Carry Chains                                                          ; On                 ; On                 ;
; Auto Open-Drain Pins                                                       ; On                 ; On                 ;
; Perform WYSIWYG Primitive Resynthesis                                      ; Off                ; Off                ;
; Auto ROM Replacement                                                       ; On                 ; On                 ;
; Auto RAM Replacement                                                       ; On                 ; On                 ;
; Auto DSP Block Replacement                                                 ; On                 ; On                 ;
; Auto Shift Register Replacement                                            ; Auto               ; Auto               ;
; Allow Shift Register Merging across Hierarchies                            ; Auto               ; Auto               ;
; Auto Clock Enable Replacement                                              ; On                 ; On                 ;
; Strict RAM Replacement                                                     ; Off                ; Off                ;
; Allow Synchronous Control Signals                                          ; On                 ; On                 ;
; Force Use of Synchronous Clear Signals                                     ; Off                ; Off                ;
; Auto RAM Block Balancing                                                   ; On                 ; On                 ;
; Auto RAM to Logic Cell Conversion                                          ; Off                ; Off                ;
; Auto Resource Sharing                                                      ; Off                ; Off                ;
; Allow Any RAM Size For Recognition                                         ; Off                ; Off                ;
; Allow Any ROM Size For Recognition                                         ; Off                ; Off                ;
; Allow Any Shift Register Size For Recognition                              ; Off                ; Off                ;
; Use LogicLock Constraints during Resource Balancing                        ; On                 ; On                 ;
; Ignore translate_off and synthesis_off directives                          ; Off                ; Off                ;
; Timing-Driven Synthesis                                                    ; On                 ; On                 ;
; Report Parameter Settings                                                  ; On                 ; On                 ;
; Report Source Assignments                                                  ; On                 ; On                 ;
; Report Connectivity Checks                                                 ; On                 ; On                 ;
; Ignore Maximum Fan-Out Assignments                                         ; Off                ; Off                ;
; Synchronization Register Chain Length                                      ; 2                  ; 2                  ;
; PowerPlay Power Optimization                                               ; Normal compilation ; Normal compilation ;
; HDL message level                                                          ; Level2             ; Level2             ;
; Suppress Register Optimization Related Messages                            ; Off                ; Off                ;
; Number of Removed Registers Reported in Synthesis Report                   ; 5000               ; 5000               ;
; Number of Swept Nodes Reported in Synthesis Report                         ; 5000               ; 5000               ;
; Number of Inverted Registers Reported in Synthesis Report                  ; 100                ; 100                ;
; Clock MUX Protection                                                       ; On                 ; On                 ;
; Auto Gated Clock Conversion                                                ; Off                ; Off                ;
; Block Design Naming                                                        ; Auto               ; Auto               ;
; SDC constraint protection                                                  ; Off                ; Off                ;
; Synthesis Effort                                                           ; Auto               ; Auto               ;
; Shift Register Replacement - Allow Asynchronous Clear Signal               ; On                 ; On                 ;
; Pre-Mapping Resynthesis Optimization                                       ; Off                ; Off                ;
; Analysis & Synthesis Message Level                                         ; Medium             ; Medium             ;
; Disable Register Merging Across Hierarchies                                ; Auto               ; Auto               ;
; Resource Aware Inference For Block RAM                                     ; On                 ; On                 ;
; Synthesis Seed                                                             ; 1                  ; 1                  ;
+----------------------------------------------------------------------------+--------------------+--------------------+


Parallel compilation was disabled, but you have multiple processors available. Enable parallel compilation to reduce compilation time.
+-------------------------------------+
; Parallel Compilation                ;
+----------------------------+--------+
; Processors                 ; Number ;
+----------------------------+--------+
; Number detected on machine ; 8      ;
; Maximum allowed            ; 1      ;
+----------------------------+--------+


+--------------------------------------------------------------------------------------------------------------------------------------------------------------------------------+
; Analysis & Synthesis Source Files Read                                                                                                                                         ;
+----------------------------------+-----------------+----------------------------------------+------------------------------------------------------------------------+---------+
; File Name with User-Entered Path ; Used in Netlist ; File Type                              ; File Name with Absolute Path                                           ; Library ;
+----------------------------------+-----------------+----------------------------------------+------------------------------------------------------------------------+---------+
; lpm_ex.vhd                       ; yes             ; User VHDL File                         ; C:/Users/GOKU/VHDL/src/lpm_ex/lpm_ex.vhd                               ;         ;
; lpm_add_sub.tdf                  ; yes             ; Megafunction                           ; c:/altera/13.1/quartus/libraries/megafunctions/lpm_add_sub.tdf         ;         ;
; addcore.inc                      ; yes             ; Megafunction                           ; c:/altera/13.1/quartus/libraries/megafunctions/addcore.inc             ;         ;
; look_add.inc                     ; yes             ; Megafunction                           ; c:/altera/13.1/quartus/libraries/megafunctions/look_add.inc            ;         ;
; bypassff.inc                     ; yes             ; Megafunction                           ; c:/altera/13.1/quartus/libraries/megafunctions/bypassff.inc            ;         ;
; altshift.inc                     ; yes             ; Megafunction                           ; c:/altera/13.1/quartus/libraries/megafunctions/altshift.inc            ;         ;
; alt_stratix_add_sub.inc          ; yes             ; Megafunction                           ; c:/altera/13.1/quartus/libraries/megafunctions/alt_stratix_add_sub.inc ;         ;
; aglobal131.inc                   ; yes             ; Megafunction                           ; c:/altera/13.1/quartus/libraries/megafunctions/aglobal131.inc          ;         ;
; db/add_sub_qgg.tdf               ; yes             ; Auto-Generated Megafunction            ; C:/Users/GOKU/VHDL/src/lpm_ex/db/add_sub_qgg.tdf                       ;         ;
; lpm_ff.tdf                       ; yes             ; Megafunction                           ; c:/altera/13.1/quartus/libraries/megafunctions/lpm_ff.tdf              ;         ;
; lpm_constant.inc                 ; yes             ; Megafunction                           ; c:/altera/13.1/quartus/libraries/megafunctions/lpm_constant.inc        ;         ;
; lpm_rom.tdf                      ; yes             ; Megafunction                           ; c:/altera/13.1/quartus/libraries/megafunctions/lpm_rom.tdf             ;         ;
; altrom.inc                       ; yes             ; Megafunction                           ; c:/altera/13.1/quartus/libraries/megafunctions/altrom.inc              ;         ;
; altrom.tdf                       ; yes             ; Megafunction                           ; c:/altera/13.1/quartus/libraries/megafunctions/altrom.tdf              ;         ;
; memmodes.inc                     ; yes             ; Megafunction                           ; c:/altera/13.1/quartus/libraries/others/maxplus2/memmodes.inc          ;         ;
; lpm_decode.inc                   ; yes             ; Megafunction                           ; c:/altera/13.1/quartus/libraries/megafunctions/lpm_decode.inc          ;         ;
; lpm_mux.inc                      ; yes             ; Megafunction                           ; c:/altera/13.1/quartus/libraries/megafunctions/lpm_mux.inc             ;         ;
; altsyncram.inc                   ; yes             ; Megafunction                           ; c:/altera/13.1/quartus/libraries/megafunctions/altsyncram.inc          ;         ;
; altsyncram.tdf                   ; yes             ; Megafunction                           ; c:/altera/13.1/quartus/libraries/megafunctions/altsyncram.tdf          ;         ;
; stratix_ram_block.inc            ; yes             ; Megafunction                           ; c:/altera/13.1/quartus/libraries/megafunctions/stratix_ram_block.inc   ;         ;
; a_rdenreg.inc                    ; yes             ; Megafunction                           ; c:/altera/13.1/quartus/libraries/megafunctions/a_rdenreg.inc           ;         ;
; altram.inc                       ; yes             ; Megafunction                           ; c:/altera/13.1/quartus/libraries/megafunctions/altram.inc              ;         ;
; altdpram.inc                     ; yes             ; Megafunction                           ; c:/altera/13.1/quartus/libraries/megafunctions/altdpram.inc            ;         ;
; db/altsyncram_2201.tdf           ; yes             ; Auto-Generated Megafunction            ; C:/Users/GOKU/VHDL/src/lpm_ex/db/altsyncram_2201.tdf                   ;         ;
; sine.mif                         ; yes             ; Auto-Found Memory Initialization File  ; C:/Users/GOKU/VHDL/src/lpm_ex/sine.mif                                 ;         ;
+----------------------------------+-----------------+----------------------------------------+------------------------------------------------------------------------+---------+


+---------------------------------------------+
; Analysis & Synthesis Resource Usage Summary ;
+--------------------------+------------------+
; Resource                 ; Usage            ;
+--------------------------+------------------+
; I/O pins                 ; 49               ;
; Total memory bits        ; 2048             ;
; DSP block 9-bit elements ; 0                ;
; Maximum fan-out node     ; clk~input        ;
; Maximum fan-out          ; 40               ;
; Total fan-out            ; 296              ;
; Average fan-out          ; 1.74             ;
+--------------------------+------------------+


+----------------------------------------------------------------------------------------------------------------------------------------------------------------------------------------------------------------------------------------------------------------------------+
; Analysis & Synthesis Resource Utilization by Entity                                                                                                                                                                                                                        ;
+----------------------------------------------+-------------------+--------------+-------------+--------------+---------+-----------+-----------+------+--------------+--------------------------------------------------------------------------------------+--------------+
; Compilation Hierarchy Node                   ; LC Combinationals ; LC Registers ; Memory Bits ; DSP Elements ; DSP 9x9 ; DSP 18x18 ; DSP 36x36 ; Pins ; Virtual Pins ; Full Hierarchy Name                                                                  ; Library Name ;
+----------------------------------------------+-------------------+--------------+-------------+--------------+---------+-----------+-----------+------+--------------+--------------------------------------------------------------------------------------+--------------+
; |lpm_ex                                      ; 32 (0)            ; 32 (0)       ; 2048        ; 0            ; 0       ; 0         ; 0         ; 49   ; 0            ; |lpm_ex                                                                              ; work         ;
;    |lpm_ff:reg1|                             ; 32 (32)           ; 32 (32)      ; 0           ; 0            ; 0       ; 0         ; 0         ; 0    ; 0            ; |lpm_ex|lpm_ff:reg1                                                                  ; work         ;
;    |lpm_rom:rom1|                            ; 0 (0)             ; 0 (0)        ; 2048        ; 0            ; 0       ; 0         ; 0         ; 0    ; 0            ; |lpm_ex|lpm_rom:rom1                                                                 ; work         ;
;       |altrom:srom|                          ; 0 (0)             ; 0 (0)        ; 2048        ; 0            ; 0       ; 0         ; 0         ; 0    ; 0            ; |lpm_ex|lpm_rom:rom1|altrom:srom                                                     ; work         ;
;          |altsyncram:rom_block|              ; 0 (0)             ; 0 (0)        ; 2048        ; 0            ; 0       ; 0         ; 0         ; 0    ; 0            ; |lpm_ex|lpm_rom:rom1|altrom:srom|altsyncram:rom_block                                ; work         ;
;             |altsyncram_2201:auto_generated| ; 0 (0)             ; 0 (0)        ; 2048        ; 0            ; 0       ; 0         ; 0         ; 0    ; 0            ; |lpm_ex|lpm_rom:rom1|altrom:srom|altsyncram:rom_block|altsyncram_2201:auto_generated ; work         ;
+----------------------------------------------+-------------------+--------------+-------------+--------------+---------+-----------+-----------+------+--------------+--------------------------------------------------------------------------------------+--------------+
Note: For table entries with two numbers listed, the numbers in parentheses indicate the number of resources of the given type used by the specific entity alone. The numbers listed outside of parentheses indicate the total resources of the given type used by the specific entity and all of its sub-entities in the hierarchy.


+-------------------------------------------------------------------------------------------------------------------------------------------------------------------------------------+
; Analysis & Synthesis RAM Summary                                                                                                                                                    ;
+-----------------------------------------------------------------------------------------+------+------+--------------+--------------+--------------+--------------+------+----------+
; Name                                                                                    ; Type ; Mode ; Port A Depth ; Port A Width ; Port B Depth ; Port B Width ; Size ; MIF      ;
+-----------------------------------------------------------------------------------------+------+------+--------------+--------------+--------------+--------------+------+----------+
; lpm_rom:rom1|altrom:srom|altsyncram:rom_block|altsyncram_2201:auto_generated|ALTSYNCRAM ; AUTO ; ROM  ; 256          ; 8            ; --           ; --           ; 2048 ; sine.mif ;
+-----------------------------------------------------------------------------------------+------+------+--------------+--------------+--------------+--------------+------+----------+


+------------------------------------------------------+
; General Register Statistics                          ;
+----------------------------------------------+-------+
; Statistic                                    ; Value ;
+----------------------------------------------+-------+
; Total registers                              ; 32    ;
; Number of registers using Synchronous Clear  ; 0     ;
; Number of registers using Synchronous Load   ; 0     ;
; Number of registers using Asynchronous Clear ; 0     ;
; Number of registers using Asynchronous Load  ; 0     ;
; Number of registers using Clock Enable       ; 0     ;
; Number of registers using Preset             ; 0     ;
+----------------------------------------------+-------+


+-----------------------------------------------------------------------------------------------------+
; Source assignments for LPM_ROM:rom1|altrom:srom|altsyncram:rom_block|altsyncram_2201:auto_generated ;
+---------------------------------+--------------------+------+---------------------------------------+
; Assignment                      ; Value              ; From ; To                                    ;
+---------------------------------+--------------------+------+---------------------------------------+
; OPTIMIZE_POWER_DURING_SYNTHESIS ; NORMAL_COMPILATION ; -    ; -                                     ;
+---------------------------------+--------------------+------+---------------------------------------+


+------------------------------------------------------------------------+
; Parameter Settings for User Entity Instance: Top-level Entity: |lpm_ex ;
+----------------+-------+-----------------------------------------------+
; Parameter Name ; Value ; Type                                          ;
+----------------+-------+-----------------------------------------------+
; WIDTH          ; 32    ; Signed Integer                                ;
+----------------+-------+-----------------------------------------------+
Note: In order to hide this table in the UI and the text report file, please set the "Show Parameter Settings in Synthesis Report" option in "Analysis and Synthesis Settings -> More Settings" to "Off".


+---------------------------------------------------------------+
; Parameter Settings for User Entity Instance: LPM_ADD_SUB:add1 ;
+------------------------+---------------+----------------------+
; Parameter Name         ; Value         ; Type                 ;
+------------------------+---------------+----------------------+
; LPM_WIDTH              ; 32            ; Signed Integer       ;
; LPM_REPRESENTATION     ; SIGNED        ; Untyped              ;
; LPM_DIRECTION          ; ADD           ; Untyped              ;
; ONE_INPUT_IS_CONSTANT  ; NO            ; Untyped              ;
; LPM_PIPELINE           ; 0             ; Signed Integer       ;
; MAXIMIZE_SPEED         ; 5             ; Untyped              ;
; REGISTERED_AT_END      ; 0             ; Untyped              ;
; OPTIMIZE_FOR_SPEED     ; 5             ; Untyped              ;
; USE_CS_BUFFERS         ; 1             ; Untyped              ;
; CARRY_CHAIN            ; MANUAL        ; Untyped              ;
; CARRY_CHAIN_LENGTH     ; 48            ; CARRY_CHAIN_LENGTH   ;
; DEVICE_FAMILY          ; Cyclone IV GX ; Untyped              ;
; USE_WYS                ; OFF           ; Untyped              ;
; STYLE                  ; FAST          ; Untyped              ;
; CBXI_PARAMETER         ; add_sub_qgg   ; Untyped              ;
; AUTO_CARRY_CHAINS      ; ON            ; AUTO_CARRY           ;
; IGNORE_CARRY_BUFFERS   ; OFF           ; IGNORE_CARRY         ;
; AUTO_CASCADE_CHAINS    ; ON            ; AUTO_CASCADE         ;
; IGNORE_CASCADE_BUFFERS ; OFF           ; IGNORE_CASCADE       ;
+------------------------+---------------+----------------------+
Note: In order to hide this table in the UI and the text report file, please set the "Show Parameter Settings in Synthesis Report" option in "Analysis and Synthesis Settings -> More Settings" to "Off".


+----------------------------------------------------------+
; Parameter Settings for User Entity Instance: LPM_FF:reg1 ;
+------------------------+---------------+-----------------+
; Parameter Name         ; Value         ; Type            ;
+------------------------+---------------+-----------------+
; LPM_WIDTH              ; 32            ; Signed Integer  ;
; LPM_AVALUE             ; UNUSED        ; Untyped         ;
; LPM_SVALUE             ; UNUSED        ; Untyped         ;
; LPM_FFTYPE             ; DFF           ; Untyped         ;
; DEVICE_FAMILY          ; Cyclone IV GX ; Untyped         ;
; CBXI_PARAMETER         ; NOTHING       ; Untyped         ;
; AUTO_CARRY_CHAINS      ; ON            ; AUTO_CARRY      ;
; IGNORE_CARRY_BUFFERS   ; OFF           ; IGNORE_CARRY    ;
; AUTO_CASCADE_CHAINS    ; ON            ; AUTO_CASCADE    ;
; IGNORE_CASCADE_BUFFERS ; OFF           ; IGNORE_CASCADE  ;
+------------------------+---------------+-----------------+
Note: In order to hide this table in the UI and the text report file, please set the "Show Parameter Settings in Synthesis Report" option in "Analysis and Synthesis Settings -> More Settings" to "Off".


+-----------------------------------------------------------+
; Parameter Settings for User Entity Instance: LPM_ROM:rom1 ;
+------------------------+---------------+------------------+
; Parameter Name         ; Value         ; Type             ;
+------------------------+---------------+------------------+
; LPM_WIDTH              ; 8             ; Signed Integer   ;
; LPM_WIDTHAD            ; 8             ; Signed Integer   ;
; LPM_NUMWORDS           ; 0             ; Signed Integer   ;
; LPM_ADDRESS_CONTROL    ; REGISTERED    ; Untyped          ;
; LPM_OUTDATA            ; REGISTERED    ; Untyped          ;
; LPM_FILE               ; sine.mif      ; Untyped          ;
; DEVICE_FAMILY          ; Cyclone IV GX ; Untyped          ;
; AUTO_CARRY_CHAINS      ; ON            ; AUTO_CARRY       ;
; IGNORE_CARRY_BUFFERS   ; OFF           ; IGNORE_CARRY     ;
; AUTO_CASCADE_CHAINS    ; ON            ; AUTO_CASCADE     ;
; IGNORE_CASCADE_BUFFERS ; OFF           ; IGNORE_CASCADE   ;
+------------------------+---------------+------------------+
Note: In order to hide this table in the UI and the text report file, please set the "Show Parameter Settings in Synthesis Report" option in "Analysis and Synthesis Settings -> More Settings" to "Off".


+-------------------------------+
; Elapsed Time Per Partition    ;
+----------------+--------------+
; Partition Name ; Elapsed Time ;
+----------------+--------------+
; Top            ; 00:00:00     ;
+----------------+--------------+


+-------------------------------+
; Analysis & Synthesis Messages ;
+-------------------------------+
Info: *******************************************************************
Info: Running Quartus II 64-Bit Analysis & Synthesis
    Info: Version 13.1.4 Build 182 03/12/2014 SJ Web Edition
    Info: Processing started: Sun May 06 23:43:35 2018
Info: Command: quartus_map --read_settings_files=on --write_settings_files=off lpm_ex -c lpm_ex
Warning (20028): Parallel compilation is not licensed and has been disabled
Info (12021): Found 2 design units, including 1 entities, in source file lpm_ex.vhd
    Info (12022): Found design unit 1: lpm_ex-fpga
    Info (12023): Found entity 1: lpm_ex
Info (12127): Elaborating entity "lpm_ex" for the top level hierarchy
Info (12128): Elaborating entity "LPM_ADD_SUB" for hierarchy "LPM_ADD_SUB:add1"
Info (12130): Elaborated megafunction instantiation "LPM_ADD_SUB:add1"
Info (12133): Instantiated megafunction "LPM_ADD_SUB:add1" with the following parameter:
    Info (12134): Parameter "LPM_WIDTH" = "32"
    Info (12134): Parameter "LPM_DIRECTION" = "ADD"
    Info (12134): Parameter "LPM_REPRESENTATION" = "SIGNED"
    Info (12134): Parameter "LPM_PIPELINE" = "0"
    Info (12134): Parameter "LPM_TYPE" = "LPM_ADD_SUB"
    Info (12134): Parameter "LPM_HINT" = "UNUSED"
Info (12021): Found 1 design units, including 1 entities, in source file db/add_sub_qgg.tdf
    Info (12023): Found entity 1: add_sub_qgg
Info (12128): Elaborating entity "add_sub_qgg" for hierarchy "LPM_ADD_SUB:add1|add_sub_qgg:auto_generated"
Info (12128): Elaborating entity "LPM_FF" for hierarchy "LPM_FF:reg1"
Info (12130): Elaborated megafunction instantiation "LPM_FF:reg1"
Info (12133): Instantiated megafunction "LPM_FF:reg1" with the following parameter:
    Info (12134): Parameter "LPM_WIDTH" = "32"
    Info (12134): Parameter "LPM_AVALUE" = "UNUSED"
    Info (12134): Parameter "LPM_SVALUE" = "UNUSED"
    Info (12134): Parameter "LPM_PVALUE" = "UNUSED"
    Info (12134): Parameter "LPM_FFTYPE" = "DFF"
    Info (12134): Parameter "LPM_TYPE" = "LPM_FF"
    Info (12134): Parameter "LPM_HINT" = "UNUSED"
Info (12128): Elaborating entity "LPM_ROM" for hierarchy "LPM_ROM:rom1"
Info (12130): Elaborated megafunction instantiation "LPM_ROM:rom1"
Info (12133): Instantiated megafunction "LPM_ROM:rom1" with the following parameter:
    Info (12134): Parameter "LPM_WIDTH" = "8"
    Info (12134): Parameter "LPM_WIDTHAD" = "8"
    Info (12134): Parameter "LPM_NUMWORDS" = "0"
    Info (12134): Parameter "LPM_ADDRESS_CONTROL" = "REGISTERED"
    Info (12134): Parameter "LPM_OUTDATA" = "REGISTERED"
    Info (12134): Parameter "LPM_FILE" = "sine.mif"
    Info (12134): Parameter "LPM_TYPE" = "LPM_ROM"
    Info (12134): Parameter "INTENDED_DEVICE_FAMILY" = "UNUSED"
    Info (12134): Parameter "LPM_HINT" = "UNUSED"
Info (12128): Elaborating entity "altrom" for hierarchy "LPM_ROM:rom1|altrom:srom"
Info (12131): Elaborated megafunction instantiation "LPM_ROM:rom1|altrom:srom", which is child of megafunction instantiation "LPM_ROM:rom1"
Info (12128): Elaborating entity "altsyncram" for hierarchy "LPM_ROM:rom1|altrom:srom|altsyncram:rom_block"
Info (12131): Elaborated megafunction instantiation "LPM_ROM:rom1|altrom:srom|altsyncram:rom_block", which is child of megafunction instantiation "LPM_ROM:rom1"
Info (12021): Found 1 design units, including 1 entities, in source file db/altsyncram_2201.tdf
    Info (12023): Found entity 1: altsyncram_2201
Info (12128): Elaborating entity "altsyncram_2201" for hierarchy "LPM_ROM:rom1|altrom:srom|altsyncram:rom_block|altsyncram_2201:auto_generated"
Critical Warning (127005): Memory depth (256) in the design file differs from memory depth (64) in the Memory Initialization File "C:/Users/GOKU/VHDL/src/lpm_ex/sine.mif" -- setting initial value for remaining addresses to 0
Warning (13044): Always-enabled tri-state buffer(s) removed
    Warning (13045): Converted the fanout from the always-enabled tri-state buffer "lpm_rom:rom1|otri[0]" to the node "sin[0]" into a wire
    Warning (13045): Converted the fanout from the always-enabled tri-state buffer "lpm_rom:rom1|otri[1]" to the node "sin[1]" into a wire
    Warning (13045): Converted the fanout from the always-enabled tri-state buffer "lpm_rom:rom1|otri[2]" to the node "sin[2]" into a wire
    Warning (13045): Converted the fanout from the always-enabled tri-state buffer "lpm_rom:rom1|otri[3]" to the node "sin[3]" into a wire
    Warning (13045): Converted the fanout from the always-enabled tri-state buffer "lpm_rom:rom1|otri[4]" to the node "sin[4]" into a wire
    Warning (13045): Converted the fanout from the always-enabled tri-state buffer "lpm_rom:rom1|otri[5]" to the node "sin[5]" into a wire
    Warning (13045): Converted the fanout from the always-enabled tri-state buffer "lpm_rom:rom1|otri[6]" to the node "sin[6]" into a wire
    Warning (13045): Converted the fanout from the always-enabled tri-state buffer "lpm_rom:rom1|otri[7]" to the node "sin[7]" into a wire
Info (16010): Generating hard_block partition "hard_block:auto_generated_inst"
    Info (16011): Adding 0 node(s), including 0 DDIO, 0 PLL, 0 transceiver and 0 LCELL
Info (21057): Implemented 89 device resources after synthesis - the final resource count might be different
    Info (21058): Implemented 33 input pins
    Info (21059): Implemented 16 output pins
    Info (21061): Implemented 32 logic cells
    Info (21064): Implemented 8 RAM segments
Info: Quartus II 64-Bit Analysis & Synthesis was successful. 0 errors, 11 warnings
    Info: Peak virtual memory: 652 megabytes
    Info: Processing ended: Sun May 06 23:43:37 2018
    Info: Elapsed time: 00:00:02
    Info: Total CPU time (on all processors): 00:00:02


